0 info it worked if it ends with ok
1 verbose cli [ '/usr/bin/node', '/usr/bin/npm', 'install', '-g', 'now' ]
2 info using npm@3.5.2
3 info using node@v8.10.0
4 silly loadCurrentTree Starting
5 silly install loadCurrentTree
6 silly install readGlobalPackageData
7 silly fetchPackageMetaData now
8 silly fetchNamedPackageData now
9 silly mapToRegistry name now
10 silly mapToRegistry using default registry
11 silly mapToRegistry registry https://registry.npmjs.org/
12 silly mapToRegistry uri https://registry.npmjs.org/now
13 verbose request uri https://registry.npmjs.org/now
14 verbose request no auth needed
15 info attempt registry request try #1 at 8:33:36 PM
16 verbose request id 71e22d0da2e6c104
17 verbose etag W/"8b232f4989a44c05ac7aee44e35d1649"
18 verbose lastModified Mon, 27 Jan 2020 22:12:43 GMT
19 http request GET https://registry.npmjs.org/now
20 http 304 https://registry.npmjs.org/now
21 verbose headers { date: 'Tue, 28 Jan 2020 00:33:36 GMT',
21 verbose headers   connection: 'keep-alive',
21 verbose headers   'set-cookie':
21 verbose headers    [ '__cfduid=d626128e76be6a429aff0315c348635ad1580171616; expires=Thu, 27-Feb-20 00:33:36 GMT; path=/; domain=.npmjs.org; HttpOnly; SameSite=Lax' ],
21 verbose headers   'cf-ray': '55bee03bfa6ee3aa-ATL',
21 verbose headers   age: '4117',
21 verbose headers   'cache-control': 'public, max-age=300',
21 verbose headers   etag: '"8b232f4989a44c05ac7aee44e35d1649"',
21 verbose headers   'last-modified': 'Mon, 27 Jan 2020 22:12:43 GMT',
21 verbose headers   vary: 'Accept-Encoding',
21 verbose headers   'cf-cache-status': 'HIT',
21 verbose headers   'expect-ct': 'max-age=604800, report-uri="https://report-uri.cloudflare.com/cdn-cgi/beacon/expect-ct"',
21 verbose headers   server: 'cloudflare' }
22 silly get cb [ 304,
22 silly get   { date: 'Tue, 28 Jan 2020 00:33:36 GMT',
22 silly get     connection: 'keep-alive',
22 silly get     'set-cookie':
22 silly get      [ '__cfduid=d626128e76be6a429aff0315c348635ad1580171616; expires=Thu, 27-Feb-20 00:33:36 GMT; path=/; domain=.npmjs.org; HttpOnly; SameSite=Lax' ],
22 silly get     'cf-ray': '55bee03bfa6ee3aa-ATL',
22 silly get     age: '4117',
22 silly get     'cache-control': 'public, max-age=300',
22 silly get     etag: '"8b232f4989a44c05ac7aee44e35d1649"',
22 silly get     'last-modified': 'Mon, 27 Jan 2020 22:12:43 GMT',
22 silly get     vary: 'Accept-Encoding',
22 silly get     'cf-cache-status': 'HIT',
22 silly get     'expect-ct': 'max-age=604800, report-uri="https://report-uri.cloudflare.com/cdn-cgi/beacon/expect-ct"',
22 silly get     server: 'cloudflare' } ]
23 verbose etag https://registry.npmjs.org/now from cache
24 verbose get saving now to /home/misael/.npm/registry.npmjs.org/now/.cache.json
25 silly install normalizeTree
26 silly loadCurrentTree Finishing
27 silly loadIdealTree Starting
28 silly install loadIdealTree
29 silly cloneCurrentTree Starting
30 silly install cloneCurrentTreeToIdealTree
31 silly cloneCurrentTree Finishing
32 silly loadShrinkwrap Starting
33 silly install loadShrinkwrap
34 silly loadShrinkwrap Finishing
35 silly loadAllDepsIntoIdealTree Starting
36 silly install loadAllDepsIntoIdealTree
37 silly resolveWithNewModule now@16.7.3 checking installable status
38 silly cache add args [ 'now', null ]
39 verbose cache add spec now
40 silly cache add parsed spec Result {
40 silly cache add   raw: 'now',
40 silly cache add   scope: null,
40 silly cache add   name: 'now',
40 silly cache add   rawSpec: '',
40 silly cache add   spec: 'latest',
40 silly cache add   type: 'tag' }
41 silly addNamed now@latest
42 verbose addNamed "latest" is being treated as a dist-tag for now
43 info addNameTag [ 'now', 'latest' ]
44 silly mapToRegistry name now
45 silly mapToRegistry using default registry
46 silly mapToRegistry registry https://registry.npmjs.org/
47 silly mapToRegistry uri https://registry.npmjs.org/now
48 verbose addNameTag registry:https://registry.npmjs.org/now not in flight; fetching
49 verbose get https://registry.npmjs.org/now not expired, no request
50 silly addNameTag next cb for now with tag latest
51 silly addNamed now@16.7.3
52 verbose addNamed "16.7.3" is a plain semver version for now
53 silly cache afterAdd now@16.7.3
54 verbose afterAdd /home/misael/.npm/now/16.7.3/package/package.json not in flight; writing
55 verbose afterAdd /home/misael/.npm/now/16.7.3/package/package.json written
56 silly loadAllDepsIntoIdealTree Finishing
57 silly idealTree:prePrune lib
57 silly idealTree:prePrune └── now@16.7.3
58 silly loadIdealTree Finishing
59 silly currentTree lib
60 silly idealTree lib
60 silly idealTree └── now@16.7.3
61 silly generateActionsToTake Starting
62 silly install generateActionsToTake
63 warn checkPermissions Missing write access to /usr/local/lib
64 silly rollbackFailedOptional Starting
65 silly rollbackFailedOptional Finishing
66 silly runTopLevelLifecycles Starting
67 silly runTopLevelLifecycles Finishing
68 silly install printInstalled
69 verbose stack Error: EACCES: permission denied, access '/usr/local/lib'
70 verbose cwd /home/misael/Desktop/Primerapag-node
71 error Linux 5.0.0-23-generic
72 error argv "/usr/bin/node" "/usr/bin/npm" "install" "-g" "now"
73 error node v8.10.0
74 error npm  v3.5.2
75 error path /usr/local/lib
76 error code EACCES
77 error errno -13
78 error syscall access
79 error Error: EACCES: permission denied, access '/usr/local/lib'
79 error  { Error: EACCES: permission denied, access '/usr/local/lib'
79 error   errno: -13,
79 error   code: 'EACCES',
79 error   syscall: 'access',
79 error   path: '/usr/local/lib' }
80 error Please try running this command again as root/Administrator.
81 verbose exit [ -13, true ]
